{"name": "test_paymentsflow", "status": "broken", "statusDetails": {"message": "seleniumbase.common.exceptions.NoSuchElementException: Message: \n Element {//button[contains(text(), 'Main menu')]} was not present after 10 seconds!", "trace": "self = <test_bot_end_to_end.BotFlow testMethod=test_paymentsflow>\n\n    def test_paymentsflow(self):\n        self.open(\"https://www.dazn.com/en-GB/help\")\n        self.maximize_window()\n        self.click(self.acptterms_popuplocator_css, timeout=10)\n        self.accept_cookies_and_start_chat1_prod()\n        self.Non_signinuserJouney()\n        self.wait_for_element_visible(self.Dazn_button_x1, timeout=None)\n        self.click(self.Dazn_button_x1, timeout=None)\n>       self.AccessingDaznIcantLogin1()\n\ntests\\test_bot_end_to_end.py:74: \n_ _ _ _ _ _ _ _ _ _ _ _ _ _ _ _ _ _ _ _ _ _ _ _ _ _ _ _ _ _ _ _ _ _ _ _ _ _ _ _ _ _ _ _ _ _ _ _ _ _ _ _ _ _ _ _ _ _ _ _ _ _ _ _ _ _ _ _ _ _ _ _ _ _\npage_objects\\prodchatbot_helpers.py:470: in AccessingDaznIcantLogin1\n    self.wait_for_element_present(self.mainmenubtw_x, timeout=None)\nvenv\\lib\\site-packages\\seleniumbase\\fixtures\\base_case.py:9029: in wait_for_element_present\n    return page_actions.wait_for_element_present(\nvenv\\lib\\site-packages\\seleniumbase\\fixtures\\page_actions.py:441: in wait_for_element_present\n    timeout_exception(NoSuchElementException, message)\n_ _ _ _ _ _ _ _ _ _ _ _ _ _ _ _ _ _ _ _ _ _ _ _ _ _ _ _ _ _ _ _ _ _ _ _ _ _ _ _ _ _ _ _ _ _ _ _ _ _ _ _ _ _ _ _ _ _ _ _ _ _ _ _ _ _ _ _ _ _ _ _ _ _\n\nexception = <class 'selenium.common.exceptions.NoSuchElementException'>\nmessage = \"Element {//button[contains(text(), 'Main menu')]} was not present after 10 seconds!\"\n\n    def timeout_exception(exception, message):\n        exc, msg = shared_utils.format_exc(exception, message)\n>       raise exc(msg)\nE       seleniumbase.common.exceptions.NoSuchElementException: Message: \nE        Element {//button[contains(text(), 'Main menu')]} was not present after 10 seconds!\n\nvenv\\lib\\site-packages\\seleniumbase\\fixtures\\page_actions.py:266: NoSuchElementException"}, "attachments": [{"name": "stdout", "source": "58dbf401-cc85-4afb-b167-50e617a3e464-attachment.txt", "type": "text/plain"}], "start": 1704996183219, "stop": 1704996250529, "uuid": "a7271f95-1d3e-48ba-87cb-9d6d630ae03f", "historyId": "00e05136ea02773aed854b64daa9c095", "testCaseId": "00e05136ea02773aed854b64daa9c095", "fullName": "tests.test_bot_end_to_end.BotFlow#test_paymentsflow", "labels": [{"name": "parentSuite", "value": "tests"}, {"name": "suite", "value": "test_bot_end_to_end"}, {"name": "subSuite", "value": "BotFlow"}, {"name": "host", "value": "IN-PF42F61Z"}, {"name": "thread", "value": "29968-MainThread"}, {"name": "framework", "value": "pytest"}, {"name": "language", "value": "cpython3"}, {"name": "package", "value": "tests.test_bot_end_to_end"}]}