{"name": "test_paymentsflow", "status": "broken", "statusDetails": {"message": "seleniumbase.common.exceptions.NoSuchElementException: Message: \n Element {button#onetrust-accept-btn-handler} was not present after 10 seconds!", "trace": "self = <test_bot_end_to_end.BotFlow testMethod=test_paymentsflow>\n\n    def test_paymentsflow(self):\n        self.open(\"https://www.dazn.com/en-GB/help\")\n        self.maximize_window()\n>       self.click(self.acptterms_popuplocator_css, timeout=10)\n\ntests\\test_bot_end_to_end.py:69: \n_ _ _ _ _ _ _ _ _ _ _ _ _ _ _ _ _ _ _ _ _ _ _ _ _ _ _ _ _ _ _ _ _ _ _ _ _ _ _ _ _ _ _ _ _ _ _ _ _ _ _ _ _ _ _ _ _ _ _ _ _ _ _ _ _ _ _ _ _ _ _ _ _ _\nvenv\\lib\\site-packages\\seleniumbase\\fixtures\\base_case.py:409: in click\n    element = page_actions.wait_for_element_visible(\nvenv\\lib\\site-packages\\seleniumbase\\fixtures\\page_actions.py:508: in wait_for_element_visible\n    timeout_exception(NoSuchElementException, message)\n_ _ _ _ _ _ _ _ _ _ _ _ _ _ _ _ _ _ _ _ _ _ _ _ _ _ _ _ _ _ _ _ _ _ _ _ _ _ _ _ _ _ _ _ _ _ _ _ _ _ _ _ _ _ _ _ _ _ _ _ _ _ _ _ _ _ _ _ _ _ _ _ _ _\n\nexception = <class 'selenium.common.exceptions.NoSuchElementException'>\nmessage = 'Element {button#onetrust-accept-btn-handler} was not present after 10 seconds!'\n\n    def timeout_exception(exception, message):\n        exc, msg = shared_utils.format_exc(exception, message)\n>       raise exc(msg)\nE       seleniumbase.common.exceptions.NoSuchElementException: Message: \nE        Element {button#onetrust-accept-btn-handler} was not present after 10 seconds!\n\nvenv\\lib\\site-packages\\seleniumbase\\fixtures\\page_actions.py:266: NoSuchElementException"}, "attachments": [{"name": "stdout", "source": "822f55f1-b748-46fb-a392-d5147994c504-attachment.txt", "type": "text/plain"}], "start": 1704996077613, "stop": 1704996103382, "uuid": "c74a7c75-b9c6-42fb-8d5e-8a6c3f59e6ce", "historyId": "00e05136ea02773aed854b64daa9c095", "testCaseId": "00e05136ea02773aed854b64daa9c095", "fullName": "tests.test_bot_end_to_end.BotFlow#test_paymentsflow", "labels": [{"name": "parentSuite", "value": "tests"}, {"name": "suite", "value": "test_bot_end_to_end"}, {"name": "subSuite", "value": "BotFlow"}, {"name": "host", "value": "IN-PF42F61Z"}, {"name": "thread", "value": "17376-MainThread"}, {"name": "framework", "value": "pytest"}, {"name": "language", "value": "cpython3"}, {"name": "package", "value": "tests.test_bot_end_to_end"}]}